<?xml version="1.0" encoding="UTF-8"?>
<testsuite name="scodingchallenge.PayControllerSpec" tests="1" skipped="0" failures="0" errors="0" timestamp="2016-11-07T21:20:23" hostname="Antonio" time="0.266">
  <properties/>
  <testcase name="test something" classname="scodingchallenge.PayControllerSpec" time="0.266"/>
  <system-out><![CDATA[]]></system-out>
  <system-err><![CDATA[]]></system-err>
</testsuite>
