<?xml version="1.0" encoding="UTF-8"?>
<testsuite name="scodingchallenge.TransactionsControllerSpec" tests="1" skipped="0" failures="0" errors="0" timestamp="2016-11-07T21:20:24" hostname="Antonio" time="0.235">
  <properties/>
  <testcase name="test something" classname="scodingchallenge.TransactionsControllerSpec" time="0.235"/>
  <system-out><![CDATA[]]></system-out>
  <system-err><![CDATA[]]></system-err>
</testsuite>
